Thu 12 Jun 2025 08:28:00 INFO  
General Hyper Parameters:
gpu_id = 0
use_gpu = True
seed = 2020
state = INFO
reproducibility = True
data_path = dataset/ml-1M
checkpoint_dir = saved
show_progress = True
save_dataset = False
dataset_save_path = None
save_dataloaders = False
dataloaders_save_path = None
log_wandb = False

Training Hyper Parameters:
epochs = 100
train_batch_size = 512
learner = adam
learning_rate = 0.001
neg_sampling = None
eval_step = 1
stopping_step = 10
clip_grad_norm = None
weight_decay = 0.0001
loss_decimal_place = 4

Evaluation Hyper Parameters:
eval_args = {'split': {'RS': [8, 1, 1]}, 'group_by': 'user', 'order': 'RO', 'mode': 'uni100'}
repeatable = False
metrics = ['NDCG', 'Recall', 'Hit', 'MRR', 'Precision', 'MAP', 'ValueUnfairness', 'AbsoluteUnfairness', 'UnderUnfairness', 'OverUnfairness', 'NonParityUnfairness', 'ItemCoverage', 'ShannonEntropy']
topk = [5, 10, 20, 50]
valid_metric = NDCG@5
valid_metric_bigger = True
eval_batch_size = 8192
metric_decimal_place = 4

Dataset Hyper Parameters:
LABEL_FIELD = label
threshold = {'rating': 3.0}
load_col = {'inter': ['user_id', 'item_id', 'rating', 'timestamp'], 'user': ['user_id', 'gender']}
field_separator = 	
seq_separator =  
USER_ID_FIELD = user_id
ITEM_ID_FIELD = item_id
RATING_FIELD = rating
TIME_FIELD = timestamp
seq_len = None
NEG_PREFIX = neg_
unload_col = None
unused_col = None
additional_feat_suffix = None
rm_dup_inter = None
val_interval = None
filter_inter_by_user_or_item = True
user_inter_num_interval = [0,inf)
item_inter_num_interval = [0,inf)
alias_of_user_id = None
alias_of_item_id = None
alias_of_entity_id = None
alias_of_relation_id = None
preload_weight = None
normalize_field = None
normalize_all = None
ITEM_LIST_LENGTH_FIELD = item_length
LIST_SUFFIX = _list
MAX_ITEM_LIST_LENGTH = 50
POSITION_FIELD = position_id
HEAD_ENTITY_ID_FIELD = head_id
TAIL_ENTITY_ID_FIELD = tail_id
RELATION_ID_FIELD = relation_id
ENTITY_ID_FIELD = entity_id
benchmark_filename = None

Other Hyper Parameters: 
wandb_project = recbole
require_pow = False
sst_attr_list = ['gender']
embedding_size = 64
fair_objective = value
fair_weight = 10.0
popularity_ratio = 0.1
MODEL_TYPE = ModelType.GENERAL
MODEL_INPUT_TYPE = InputType.POINTWISE
eval_type = EvaluatorType.RANKING
device = cuda
train_neg_sample_args = {'strategy': 'none'}
eval_neg_sample_args = {'strategy': 'by', 'by': 100, 'distribution': 'uniform'}


Thu 12 Jun 2025 08:28:06 INFO  ml-1M
The number of users: 6041
Average actions of users: 165.5975165562914
The number of items: 3707
Average actions of items: 269.88909875876953
The number of inters: 1000209
The sparsity of the dataset: 95.53358229599758%
Remain Fields: ['user_id', 'item_id', 'rating', 'timestamp', 'gender', 'label']
Thu 12 Jun 2025 08:28:09 INFO  [Training]: train_batch_size = [512] negative sampling: [None]
Thu 12 Jun 2025 08:28:09 INFO  [Evaluation]: eval_batch_size = [8192] eval_args: [{'split': {'RS': [8, 1, 1]}, 'group_by': 'user', 'order': 'RO', 'mode': 'uni100'}]
Thu 12 Jun 2025 08:28:10 INFO  FOCF(
  (user_embedding_layer): Embedding(6041, 64)
  (item_embedding_layer): Embedding(3707, 64)
  (rating_loss_fun): MSELoss()
)
Trainable parameters: 623872
Thu 12 Jun 2025 08:28:30 INFO  epoch 0 training [time: 20.02s, train loss: 23598.2867]
Thu 12 Jun 2025 08:28:57 INFO  epoch 0 evaluating [time: 27.36s, valid_score: 0.031900]
Thu 12 Jun 2025 08:28:57 INFO  valid result: 
ndcg@5 : 0.0319    ndcg@10 : 0.0342    ndcg@20 : 0.0422    ndcg@50 : 0.0667    recall@5 : 0.0162    recall@10 : 0.0301    recall@20 : 0.0586    recall@50 : 0.1393    hit@5 : 0.1214    hit@10 : 0.2103    hit@20 : 0.3507    hit@50 : 0.6477    mrr@5 : 0.0702    mrr@10 : 0.0819    mrr@20 : 0.0914    mrr@50 : 0.1008    precision@5 : 0.0258    precision@10 : 0.0233    precision@20 : 0.0214    precision@50 : 0.0202    map@5 : 0.0173    map@10 : 0.0143    map@20 : 0.0143    map@50 : 0.0168    Value Unfairness of sensitive attribute gender : 0.1322    Absolute Unfairness of sensitive attribute gender : 0.1231    Underestimation Unfairness of sensitive attribute gender : 0.1236    Overestimation Unfairness of sensitive attribute gender : 0.0085    NonParity Unfairness of sensitive attribute gender : 0.0135    itemcoverage@5 : 0.0966    itemcoverage@10 : 0.1624    itemcoverage@20 : 0.2714    itemcoverage@50 : 0.5514    shannonentropy@5 : 0.0113    shannonentropy@10 : 0.0077    shannonentropy@20 : 0.0053    shannonentropy@50 : 0.003
Thu 12 Jun 2025 08:28:57 INFO  Saving current: saved/FOCF-Jun-12-2025_08-28-10.pth
Thu 12 Jun 2025 08:29:17 INFO  epoch 1 training [time: 19.92s, train loss: 15208.5549]
Thu 12 Jun 2025 08:29:45 INFO  epoch 1 evaluating [time: 27.56s, valid_score: 0.041000]
Thu 12 Jun 2025 08:29:45 INFO  valid result: 
ndcg@5 : 0.041    ndcg@10 : 0.05    ndcg@20 : 0.0627    ndcg@50 : 0.0913    recall@5 : 0.029    recall@10 : 0.0514    recall@20 : 0.0882    recall@50 : 0.1759    hit@5 : 0.1669    hit@10 : 0.3088    hit@20 : 0.4917    hit@50 : 0.7588    mrr@5 : 0.0778    mrr@10 : 0.0965    mrr@20 : 0.1091    mrr@50 : 0.1177    precision@5 : 0.0363    precision@10 : 0.0366    precision@20 : 0.0334    precision@50 : 0.0287    map@5 : 0.0216    map@10 : 0.0211    map@20 : 0.0222    map@50 : 0.0256    Value Unfairness of sensitive attribute gender : 0.1318    Absolute Unfairness of sensitive attribute gender : 0.108    Underestimation Unfairness of sensitive attribute gender : 0.0882    Overestimation Unfairness of sensitive attribute gender : 0.0436    NonParity Unfairness of sensitive attribute gender : 0.0078    itemcoverage@5 : 0.0809    itemcoverage@10 : 0.1322    itemcoverage@20 : 0.2239    itemcoverage@50 : 0.4678    shannonentropy@5 : 0.0134    shannonentropy@10 : 0.0095    shannonentropy@20 : 0.0064    shannonentropy@50 : 0.0036
Thu 12 Jun 2025 08:29:45 INFO  Saving current: saved/FOCF-Jun-12-2025_08-28-10.pth
Thu 12 Jun 2025 08:30:05 INFO  epoch 2 training [time: 20.07s, train loss: 8154.5074]
Thu 12 Jun 2025 08:30:32 INFO  epoch 2 evaluating [time: 27.67s, valid_score: 0.051000]
Thu 12 Jun 2025 08:30:32 INFO  valid result: 
ndcg@5 : 0.051    ndcg@10 : 0.0643    ndcg@20 : 0.0817    ndcg@50 : 0.116    recall@5 : 0.0415    recall@10 : 0.0721    recall@20 : 0.119    recall@50 : 0.2228    hit@5 : 0.2136    hit@10 : 0.3859    hit@20 : 0.5874    hit@50 : 0.8326    mrr@5 : 0.0878    mrr@10 : 0.1105    mrr@20 : 0.1243    mrr@50 : 0.1324    precision@5 : 0.0477    precision@10 : 0.0477    precision@20 : 0.0439    precision@50 : 0.0362    map@5 : 0.0264    map@10 : 0.0273    map@20 : 0.0295    map@50 : 0.0342    Value Unfairness of sensitive attribute gender : 0.1365    Absolute Unfairness of sensitive attribute gender : 0.1076    Underestimation Unfairness of sensitive attribute gender : 0.0643    Overestimation Unfairness of sensitive attribute gender : 0.0721    NonParity Unfairness of sensitive attribute gender : 0.0026    itemcoverage@5 : 0.0731    itemcoverage@10 : 0.1182    itemcoverage@20 : 0.2039    itemcoverage@50 : 0.416    shannonentropy@5 : 0.0149    shannonentropy@10 : 0.0106    shannonentropy@20 : 0.007    shannonentropy@50 : 0.004
Thu 12 Jun 2025 08:30:32 INFO  Saving current: saved/FOCF-Jun-12-2025_08-28-10.pth
Thu 12 Jun 2025 08:30:52 INFO  epoch 3 training [time: 19.70s, train loss: 5069.0338]
Thu 12 Jun 2025 08:31:20 INFO  epoch 3 evaluating [time: 27.64s, valid_score: 0.076500]
Thu 12 Jun 2025 08:31:20 INFO  valid result: 
ndcg@5 : 0.0765    ndcg@10 : 0.0863    ndcg@20 : 0.1036    ndcg@50 : 0.141    recall@5 : 0.0516    recall@10 : 0.0843    recall@20 : 0.1416    recall@50 : 0.2579    hit@5 : 0.2969    hit@10 : 0.4581    hit@20 : 0.6412    hit@50 : 0.8583    mrr@5 : 0.139    mrr@10 : 0.1607    mrr@20 : 0.1734    mrr@50 : 0.1805    precision@5 : 0.0693    precision@10 : 0.0621    precision@20 : 0.0524    precision@50 : 0.0412    map@5 : 0.0411    map@10 : 0.0388    map@20 : 0.0404    map@50 : 0.046    Value Unfairness of sensitive attribute gender : 0.1342    Absolute Unfairness of sensitive attribute gender : 0.1067    Underestimation Unfairness of sensitive attribute gender : 0.049    Overestimation Unfairness of sensitive attribute gender : 0.0853    NonParity Unfairness of sensitive attribute gender : 0.0056    itemcoverage@5 : 0.0693    itemcoverage@10 : 0.1093    itemcoverage@20 : 0.1905    itemcoverage@50 : 0.3841    shannonentropy@5 : 0.0158    shannonentropy@10 : 0.0115    shannonentropy@20 : 0.0075    shannonentropy@50 : 0.0043
Thu 12 Jun 2025 08:31:20 INFO  Saving current: saved/FOCF-Jun-12-2025_08-28-10.pth
Thu 12 Jun 2025 08:31:40 INFO  epoch 4 training [time: 20.02s, train loss: 3834.8593]
Thu 12 Jun 2025 08:32:07 INFO  epoch 4 evaluating [time: 27.57s, valid_score: 0.065300]
Thu 12 Jun 2025 08:32:07 INFO  valid result: 
ndcg@5 : 0.0653    ndcg@10 : 0.0795    ndcg@20 : 0.1003    ndcg@50 : 0.1428    recall@5 : 0.0499    recall@10 : 0.0859    recall@20 : 0.1443    recall@50 : 0.2729    hit@5 : 0.2555    hit@10 : 0.4311    hit@20 : 0.63    hit@50 : 0.8786    mrr@5 : 0.1157    mrr@10 : 0.1391    mrr@20 : 0.1528    mrr@50 : 0.161    precision@5 : 0.0579    precision@10 : 0.0556    precision@20 : 0.0507    precision@50 : 0.0426    map@5 : 0.0355    map@10 : 0.036    map@20 : 0.0393    map@50 : 0.0459    Value Unfairness of sensitive attribute gender : 0.1335    Absolute Unfairness of sensitive attribute gender : 0.1088    Underestimation Unfairness of sensitive attribute gender : 0.0404    Overestimation Unfairness of sensitive attribute gender : 0.0931    NonParity Unfairness of sensitive attribute gender : 0.0094    itemcoverage@5 : 0.0656    itemcoverage@10 : 0.1095    itemcoverage@20 : 0.1807    itemcoverage@50 : 0.3617    shannonentropy@5 : 0.0167    shannonentropy@10 : 0.0115    shannonentropy@20 : 0.0079    shannonentropy@50 : 0.0046
Thu 12 Jun 2025 08:32:28 INFO  epoch 5 training [time: 20.11s, train loss: 3001.1833]
Thu 12 Jun 2025 08:32:55 INFO  epoch 5 evaluating [time: 27.59s, valid_score: 0.076600]
Thu 12 Jun 2025 08:32:55 INFO  valid result: 
ndcg@5 : 0.0766    ndcg@10 : 0.0906    ndcg@20 : 0.112    ndcg@50 : 0.1563    recall@5 : 0.0555    recall@10 : 0.0955    recall@20 : 0.156    recall@50 : 0.2926    hit@5 : 0.2848    hit@10 : 0.4671    hit@20 : 0.6697    hit@50 : 0.8864    mrr@5 : 0.1438    mrr@10 : 0.1677    mrr@20 : 0.1819    mrr@50 : 0.1892    precision@5 : 0.0649    precision@10 : 0.0615    precision@20 : 0.0558    precision@50 : 0.045    map@5 : 0.0423    map@10 : 0.0418    map@20 : 0.0449    map@50 : 0.0523    Value Unfairness of sensitive attribute gender : 0.1356    Absolute Unfairness of sensitive attribute gender : 0.1107    Underestimation Unfairness of sensitive attribute gender : 0.0386    Overestimation Unfairness of sensitive attribute gender : 0.097    NonParity Unfairness of sensitive attribute gender : 0.0076    itemcoverage@5 : 0.0664    itemcoverage@10 : 0.1052    itemcoverage@20 : 0.1767    itemcoverage@50 : 0.3572    shannonentropy@5 : 0.0167    shannonentropy@10 : 0.012    shannonentropy@20 : 0.0081    shannonentropy@50 : 0.0047
Thu 12 Jun 2025 08:32:55 INFO  Saving current: saved/FOCF-Jun-12-2025_08-28-10.pth
Thu 12 Jun 2025 08:33:15 INFO  epoch 6 training [time: 20.02s, train loss: 2616.1242]
Thu 12 Jun 2025 08:33:43 INFO  epoch 6 evaluating [time: 27.50s, valid_score: 0.091800]
Thu 12 Jun 2025 08:33:43 INFO  valid result: 
ndcg@5 : 0.0918    ndcg@10 : 0.1074    ndcg@20 : 0.1286    ndcg@50 : 0.1739    recall@5 : 0.0655    recall@10 : 0.1109    recall@20 : 0.1755    recall@50 : 0.3158    hit@5 : 0.3373    hit@10 : 0.5348    hit@20 : 0.7103    hit@50 : 0.9038    mrr@5 : 0.1669    mrr@10 : 0.193    mrr@20 : 0.2052    mrr@50 : 0.2117    precision@5 : 0.08    precision@10 : 0.075    precision@20 : 0.0637    precision@50 : 0.0495    map@5 : 0.051    map@10 : 0.05    map@20 : 0.0531    map@50 : 0.0612    Value Unfairness of sensitive attribute gender : 0.1327    Absolute Unfairness of sensitive attribute gender : 0.1084    Underestimation Unfairness of sensitive attribute gender : 0.0353    Overestimation Unfairness of sensitive attribute gender : 0.0973    NonParity Unfairness of sensitive attribute gender : 0.0117    itemcoverage@5 : 0.0677    itemcoverage@10 : 0.1071    itemcoverage@20 : 0.1762    itemcoverage@50 : 0.3526    shannonentropy@5 : 0.0164    shannonentropy@10 : 0.0118    shannonentropy@20 : 0.0082    shannonentropy@50 : 0.0047
Thu 12 Jun 2025 08:33:43 INFO  Saving current: saved/FOCF-Jun-12-2025_08-28-10.pth
Thu 12 Jun 2025 08:34:02 INFO  epoch 7 training [time: 19.68s, train loss: 2344.0621]
Thu 12 Jun 2025 08:34:30 INFO  epoch 7 evaluating [time: 27.60s, valid_score: 0.108600]
Thu 12 Jun 2025 08:34:30 INFO  valid result: 
ndcg@5 : 0.1086    ndcg@10 : 0.1208    ndcg@20 : 0.1445    ndcg@50 : 0.1902    recall@5 : 0.0712    recall@10 : 0.1185    recall@20 : 0.1913    recall@50 : 0.3352    hit@5 : 0.3844    hit@10 : 0.5657    hit@20 : 0.7492    hit@50 : 0.9217    mrr@5 : 0.198    mrr@10 : 0.2221    mrr@20 : 0.235    mrr@50 : 0.2407    precision@5 : 0.0945    precision@10 : 0.083    precision@20 : 0.0723    precision@50 : 0.0542    map@5 : 0.0614    map@10 : 0.0578    map@20 : 0.0611    map@50 : 0.0692    Value Unfairness of sensitive attribute gender : 0.1333    Absolute Unfairness of sensitive attribute gender : 0.1084    Underestimation Unfairness of sensitive attribute gender : 0.0349    Overestimation Unfairness of sensitive attribute gender : 0.0984    NonParity Unfairness of sensitive attribute gender : 0.0064    itemcoverage@5 : 0.0642    itemcoverage@10 : 0.1049    itemcoverage@20 : 0.1724    itemcoverage@50 : 0.3518    shannonentropy@5 : 0.0174    shannonentropy@10 : 0.0121    shannonentropy@20 : 0.0084    shannonentropy@50 : 0.0047
Thu 12 Jun 2025 08:34:30 INFO  Saving current: saved/FOCF-Jun-12-2025_08-28-10.pth
Thu 12 Jun 2025 08:34:50 INFO  epoch 8 training [time: 19.97s, train loss: 2231.5689]
Thu 12 Jun 2025 08:35:18 INFO  epoch 8 evaluating [time: 27.59s, valid_score: 0.121100]
Thu 12 Jun 2025 08:35:18 INFO  valid result: 
ndcg@5 : 0.1211    ndcg@10 : 0.1311    ndcg@20 : 0.1523    ndcg@50 : 0.1974    recall@5 : 0.0763    recall@10 : 0.1246    recall@20 : 0.1972    recall@50 : 0.3371    hit@5 : 0.4081    hit@10 : 0.5849    hit@20 : 0.7598    hit@50 : 0.9195    mrr@5 : 0.2256    mrr@10 : 0.249    mrr@20 : 0.2613    mrr@50 : 0.2668    precision@5 : 0.1028    precision@10 : 0.089    precision@20 : 0.0743    precision@50 : 0.0561    map@5 : 0.0699    map@10 : 0.0638    map@20 : 0.0657    map@50 : 0.0735    Value Unfairness of sensitive attribute gender : 0.1299    Absolute Unfairness of sensitive attribute gender : 0.1074    Underestimation Unfairness of sensitive attribute gender : 0.0343    Overestimation Unfairness of sensitive attribute gender : 0.0956    NonParity Unfairness of sensitive attribute gender : 0.0065    itemcoverage@5 : 0.0629    itemcoverage@10 : 0.102    itemcoverage@20 : 0.1697    itemcoverage@50 : 0.3412    shannonentropy@5 : 0.0178    shannonentropy@10 : 0.0125    shannonentropy@20 : 0.0085    shannonentropy@50 : 0.0049
Thu 12 Jun 2025 08:35:18 INFO  Saving current: saved/FOCF-Jun-12-2025_08-28-10.pth
Thu 12 Jun 2025 08:35:38 INFO  epoch 9 training [time: 20.20s, train loss: 2164.2846]
Thu 12 Jun 2025 08:36:05 INFO  epoch 9 evaluating [time: 27.59s, valid_score: 0.144600]
Thu 12 Jun 2025 08:36:05 INFO  valid result: 
ndcg@5 : 0.1446    ndcg@10 : 0.1505    ndcg@20 : 0.1694    ndcg@50 : 0.2095    recall@5 : 0.0876    recall@10 : 0.1366    recall@20 : 0.2084    recall@50 : 0.3403    hit@5 : 0.4669    hit@10 : 0.6321    hit@20 : 0.7828    hit@50 : 0.926    mrr@5 : 0.2669    mrr@10 : 0.2891    mrr@20 : 0.2998    mrr@50 : 0.3045    precision@5 : 0.122    precision@10 : 0.1013    precision@20 : 0.0822    precision@50 : 0.0579    map@5 : 0.0854    map@10 : 0.0752    map@20 : 0.0755    map@50 : 0.0819    Value Unfairness of sensitive attribute gender : 0.1331    Absolute Unfairness of sensitive attribute gender : 0.1098    Underestimation Unfairness of sensitive attribute gender : 0.0332    Overestimation Unfairness of sensitive attribute gender : 0.0999    NonParity Unfairness of sensitive attribute gender : 0.008    itemcoverage@5 : 0.0645    itemcoverage@10 : 0.1025    itemcoverage@20 : 0.1651    itemcoverage@50 : 0.3431    shannonentropy@5 : 0.0175    shannonentropy@10 : 0.0125    shannonentropy@20 : 0.0087    shannonentropy@50 : 0.0049
Thu 12 Jun 2025 08:36:05 INFO  Saving current: saved/FOCF-Jun-12-2025_08-28-10.pth
Thu 12 Jun 2025 08:36:25 INFO  epoch 10 training [time: 19.86s, train loss: 2107.7575]
Thu 12 Jun 2025 08:36:53 INFO  epoch 10 evaluating [time: 27.80s, valid_score: 0.139000]
Thu 12 Jun 2025 08:36:53 INFO  valid result: 
ndcg@5 : 0.139    ndcg@10 : 0.1482    ndcg@20 : 0.169    ndcg@50 : 0.2122    recall@5 : 0.0873    recall@10 : 0.1394    recall@20 : 0.213    recall@50 : 0.3515    hit@5 : 0.4618    hit@10 : 0.6288    hit@20 : 0.7868    hit@50 : 0.9285    mrr@5 : 0.2491    mrr@10 : 0.2716    mrr@20 : 0.2826    mrr@50 : 0.2873    precision@5 : 0.1206    precision@10 : 0.1016    precision@20 : 0.0838    precision@50 : 0.0602    map@5 : 0.0809    map@10 : 0.0735    map@20 : 0.0747    map@50 : 0.0821    Value Unfairness of sensitive attribute gender : 0.1323    Absolute Unfairness of sensitive attribute gender : 0.1067    Underestimation Unfairness of sensitive attribute gender : 0.0333    Overestimation Unfairness of sensitive attribute gender : 0.099    NonParity Unfairness of sensitive attribute gender : 0.0092    itemcoverage@5 : 0.0639    itemcoverage@10 : 0.1036    itemcoverage@20 : 0.1651    itemcoverage@50 : 0.3442    shannonentropy@5 : 0.0176    shannonentropy@10 : 0.0123    shannonentropy@20 : 0.0087    shannonentropy@50 : 0.0049
Thu 12 Jun 2025 08:37:12 INFO  epoch 11 training [time: 18.91s, train loss: 2145.5040]
Thu 12 Jun 2025 08:37:40 INFO  epoch 11 evaluating [time: 27.57s, valid_score: 0.133700]
Thu 12 Jun 2025 08:37:40 INFO  valid result: 
ndcg@5 : 0.1337    ndcg@10 : 0.1413    ndcg@20 : 0.1575    ndcg@50 : 0.2026    recall@5 : 0.0798    recall@10 : 0.1295    recall@20 : 0.1965    recall@50 : 0.3405    hit@5 : 0.4349    hit@10 : 0.6017    hit@20 : 0.7502    hit@50 : 0.9179    mrr@5 : 0.2481    mrr@10 : 0.2705    mrr@20 : 0.2808    mrr@50 : 0.2864    precision@5 : 0.1137    precision@10 : 0.0959    precision@20 : 0.0756    precision@50 : 0.057    map@5 : 0.0784    map@10 : 0.0698    map@20 : 0.0693    map@50 : 0.0768    Value Unfairness of sensitive attribute gender : 0.1336    Absolute Unfairness of sensitive attribute gender : 0.108    Underestimation Unfairness of sensitive attribute gender : 0.0336    Overestimation Unfairness of sensitive attribute gender : 0.1    NonParity Unfairness of sensitive attribute gender : 0.0098    itemcoverage@5 : 0.065    itemcoverage@10 : 0.102    itemcoverage@20 : 0.1667    itemcoverage@50 : 0.3359    shannonentropy@5 : 0.0174    shannonentropy@10 : 0.0126    shannonentropy@20 : 0.0087    shannonentropy@50 : 0.005
Thu 12 Jun 2025 08:38:00 INFO  epoch 12 training [time: 20.10s, train loss: 2141.3560]
Thu 12 Jun 2025 08:38:27 INFO  epoch 12 evaluating [time: 27.58s, valid_score: 0.137800]
Thu 12 Jun 2025 08:38:27 INFO  valid result: 
ndcg@5 : 0.1378    ndcg@10 : 0.1457    ndcg@20 : 0.1632    ndcg@50 : 0.2072    recall@5 : 0.0812    recall@10 : 0.1315    recall@20 : 0.2    recall@50 : 0.3425    hit@5 : 0.4399    hit@10 : 0.6146    hit@20 : 0.7636    hit@50 : 0.9195    mrr@5 : 0.2581    mrr@10 : 0.2815    mrr@20 : 0.2919    mrr@50 : 0.2971    precision@5 : 0.1149    precision@10 : 0.0977    precision@20 : 0.0789    precision@50 : 0.0578    map@5 : 0.0818    map@10 : 0.073    map@20 : 0.0729    map@50 : 0.0804    Value Unfairness of sensitive attribute gender : 0.132    Absolute Unfairness of sensitive attribute gender : 0.1087    Underestimation Unfairness of sensitive attribute gender : 0.0332    Overestimation Unfairness of sensitive attribute gender : 0.0988    NonParity Unfairness of sensitive attribute gender : 0.0082    itemcoverage@5 : 0.0653    itemcoverage@10 : 0.102    itemcoverage@20 : 0.1675    itemcoverage@50 : 0.3434    shannonentropy@5 : 0.0174    shannonentropy@10 : 0.0126    shannonentropy@20 : 0.0086    shannonentropy@50 : 0.0049
Thu 12 Jun 2025 08:38:47 INFO  epoch 13 training [time: 20.06s, train loss: 2127.6546]
Thu 12 Jun 2025 08:39:15 INFO  epoch 13 evaluating [time: 27.58s, valid_score: 0.135900]
Thu 12 Jun 2025 08:39:15 INFO  valid result: 
ndcg@5 : 0.1359    ndcg@10 : 0.1423    ndcg@20 : 0.1613    ndcg@50 : 0.2047    recall@5 : 0.0791    recall@10 : 0.1258    recall@20 : 0.1986    recall@50 : 0.3393    hit@5 : 0.4368    hit@10 : 0.5988    hit@20 : 0.7573    hit@50 : 0.9202    mrr@5 : 0.257    mrr@10 : 0.2787    mrr@20 : 0.2898    mrr@50 : 0.2953    precision@5 : 0.1128    precision@10 : 0.095    precision@20 : 0.078    precision@50 : 0.0569    map@5 : 0.0804    map@10 : 0.0712    map@20 : 0.0717    map@50 : 0.0789    Value Unfairness of sensitive attribute gender : 0.1331    Absolute Unfairness of sensitive attribute gender : 0.1084    Underestimation Unfairness of sensitive attribute gender : 0.0329    Overestimation Unfairness of sensitive attribute gender : 0.1002    NonParity Unfairness of sensitive attribute gender : 0.0062    itemcoverage@5 : 0.0661    itemcoverage@10 : 0.0998    itemcoverage@20 : 0.1683    itemcoverage@50 : 0.3429    shannonentropy@5 : 0.017    shannonentropy@10 : 0.0128    shannonentropy@20 : 0.0086    shannonentropy@50 : 0.0049
Thu 12 Jun 2025 08:39:35 INFO  epoch 14 training [time: 20.12s, train loss: 2092.6422]
Thu 12 Jun 2025 08:40:03 INFO  epoch 14 evaluating [time: 27.62s, valid_score: 0.141900]
Thu 12 Jun 2025 08:40:03 INFO  valid result: 
ndcg@5 : 0.1419    ndcg@10 : 0.1487    ndcg@20 : 0.1666    ndcg@50 : 0.2105    recall@5 : 0.0816    recall@10 : 0.131    recall@20 : 0.2007    recall@50 : 0.344    hit@5 : 0.4404    hit@10 : 0.6098    hit@20 : 0.7687    hit@50 : 0.9245    mrr@5 : 0.2695    mrr@10 : 0.2921    mrr@20 : 0.3032    mrr@50 : 0.3084    precision@5 : 0.1155    precision@10 : 0.0975    precision@20 : 0.0792    precision@50 : 0.0576    map@5 : 0.0855    map@10 : 0.0759    map@20 : 0.0757    map@50 : 0.083    Value Unfairness of sensitive attribute gender : 0.1337    Absolute Unfairness of sensitive attribute gender : 0.1093    Underestimation Unfairness of sensitive attribute gender : 0.0346    Overestimation Unfairness of sensitive attribute gender : 0.0991    NonParity Unfairness of sensitive attribute gender : 0.0092    itemcoverage@5 : 0.065    itemcoverage@10 : 0.1014    itemcoverage@20 : 0.167    itemcoverage@50 : 0.348    shannonentropy@5 : 0.0174    shannonentropy@10 : 0.0126    shannonentropy@20 : 0.0087    shannonentropy@50 : 0.0048
Thu 12 Jun 2025 08:40:22 INFO  epoch 15 training [time: 19.82s, train loss: 2133.1876]
Thu 12 Jun 2025 08:40:50 INFO  epoch 15 evaluating [time: 27.68s, valid_score: 0.137000]
Thu 12 Jun 2025 08:40:50 INFO  valid result: 
ndcg@5 : 0.137    ndcg@10 : 0.1442    ndcg@20 : 0.1611    ndcg@50 : 0.2046    recall@5 : 0.0834    recall@10 : 0.1308    recall@20 : 0.1982    recall@50 : 0.3397    hit@5 : 0.4442    hit@10 : 0.6134    hit@20 : 0.7639    hit@50 : 0.921    mrr@5 : 0.2515    mrr@10 : 0.2741    mrr@20 : 0.2847    mrr@50 : 0.2899    precision@5 : 0.116    precision@10 : 0.0979    precision@20 : 0.0779    precision@50 : 0.0568    map@5 : 0.0809    map@10 : 0.0722    map@20 : 0.0718    map@50 : 0.0789    Value Unfairness of sensitive attribute gender : 0.1315    Absolute Unfairness of sensitive attribute gender : 0.109    Underestimation Unfairness of sensitive attribute gender : 0.0332    Overestimation Unfairness of sensitive attribute gender : 0.0983    NonParity Unfairness of sensitive attribute gender : 0.0068    itemcoverage@5 : 0.0653    itemcoverage@10 : 0.1068    itemcoverage@20 : 0.1735    itemcoverage@50 : 0.3391    shannonentropy@5 : 0.0172    shannonentropy@10 : 0.012    shannonentropy@20 : 0.0083    shannonentropy@50 : 0.0049
Thu 12 Jun 2025 08:41:10 INFO  epoch 16 training [time: 19.95s, train loss: 2183.4768]
Thu 12 Jun 2025 08:41:38 INFO  epoch 16 evaluating [time: 27.66s, valid_score: 0.145600]
Thu 12 Jun 2025 08:41:38 INFO  valid result: 
ndcg@5 : 0.1456    ndcg@10 : 0.1518    ndcg@20 : 0.1686    ndcg@50 : 0.2075    recall@5 : 0.0853    recall@10 : 0.1342    recall@20 : 0.2022    recall@50 : 0.3318    hit@5 : 0.4609    hit@10 : 0.6162    hit@20 : 0.7732    hit@50 : 0.9192    mrr@5 : 0.2685    mrr@10 : 0.2893    mrr@20 : 0.3004    mrr@50 : 0.3053    precision@5 : 0.1227    precision@10 : 0.1018    precision@20 : 0.0806    precision@50 : 0.0562    map@5 : 0.0872    map@10 : 0.0777    map@20 : 0.077    map@50 : 0.0829    Value Unfairness of sensitive attribute gender : 0.1337    Absolute Unfairness of sensitive attribute gender : 0.1104    Underestimation Unfairness of sensitive attribute gender : 0.0332    Overestimation Unfairness of sensitive attribute gender : 0.1005    NonParity Unfairness of sensitive attribute gender : 0.0076    itemcoverage@5 : 0.0637    itemcoverage@10 : 0.1012    itemcoverage@20 : 0.1664    itemcoverage@50 : 0.3466    shannonentropy@5 : 0.0177    shannonentropy@10 : 0.0127    shannonentropy@20 : 0.0087    shannonentropy@50 : 0.0048
Thu 12 Jun 2025 08:41:38 INFO  Saving current: saved/FOCF-Jun-12-2025_08-28-10.pth
Thu 12 Jun 2025 08:41:57 INFO  epoch 17 training [time: 19.04s, train loss: 2194.4910]
Thu 12 Jun 2025 08:42:24 INFO  epoch 17 evaluating [time: 27.59s, valid_score: 0.122200]
Thu 12 Jun 2025 08:42:24 INFO  valid result: 
ndcg@5 : 0.1222    ndcg@10 : 0.1311    ndcg@20 : 0.1493    ndcg@50 : 0.1941    recall@5 : 0.0762    recall@10 : 0.1229    recall@20 : 0.1897    recall@50 : 0.3328    hit@5 : 0.4126    hit@10 : 0.5791    hit@20 : 0.7406    hit@50 : 0.9146    mrr@5 : 0.2286    mrr@10 : 0.251    mrr@20 : 0.2623    mrr@50 : 0.2681    precision@5 : 0.1037    precision@10 : 0.0888    precision@20 : 0.0721    precision@50 : 0.0542    map@5 : 0.0706    map@10 : 0.0642    map@20 : 0.0649    map@50 : 0.0725    Value Unfairness of sensitive attribute gender : 0.1289    Absolute Unfairness of sensitive attribute gender : 0.106    Underestimation Unfairness of sensitive attribute gender : 0.032    Overestimation Unfairness of sensitive attribute gender : 0.0968    NonParity Unfairness of sensitive attribute gender : 0.0118    itemcoverage@5 : 0.0658    itemcoverage@10 : 0.1063    itemcoverage@20 : 0.1721    itemcoverage@50 : 0.3448    shannonentropy@5 : 0.017    shannonentropy@10 : 0.012    shannonentropy@20 : 0.0084    shannonentropy@50 : 0.0048
Thu 12 Jun 2025 08:42:44 INFO  epoch 18 training [time: 20.03s, train loss: 2181.3309]
Thu 12 Jun 2025 08:43:12 INFO  epoch 18 evaluating [time: 27.61s, valid_score: 0.117200]
Thu 12 Jun 2025 08:43:12 INFO  valid result: 
ndcg@5 : 0.1172    ndcg@10 : 0.1248    ndcg@20 : 0.146    ndcg@50 : 0.1935    recall@5 : 0.0734    recall@10 : 0.1192    recall@20 : 0.1905    recall@50 : 0.3373    hit@5 : 0.401    hit@10 : 0.5697    hit@20 : 0.7452    hit@50 : 0.9209    mrr@5 : 0.2163    mrr@10 : 0.2387    mrr@20 : 0.2508    mrr@50 : 0.2567    precision@5 : 0.1005    precision@10 : 0.0829    precision@20 : 0.0698    precision@50 : 0.0546    map@5 : 0.0672    map@10 : 0.0606    map@20 : 0.0629    map@50 : 0.0712    Value Unfairness of sensitive attribute gender : 0.133    Absolute Unfairness of sensitive attribute gender : 0.1074    Underestimation Unfairness of sensitive attribute gender : 0.0333    Overestimation Unfairness of sensitive attribute gender : 0.0997    NonParity Unfairness of sensitive attribute gender : 0.0088    itemcoverage@5 : 0.0653    itemcoverage@10 : 0.1044    itemcoverage@20 : 0.1702    itemcoverage@50 : 0.3499    shannonentropy@5 : 0.0172    shannonentropy@10 : 0.0123    shannonentropy@20 : 0.0085    shannonentropy@50 : 0.0048
Thu 12 Jun 2025 08:43:32 INFO  epoch 19 training [time: 19.61s, train loss: 2128.8371]
Thu 12 Jun 2025 08:43:59 INFO  epoch 19 evaluating [time: 27.53s, valid_score: 0.133200]
Thu 12 Jun 2025 08:43:59 INFO  valid result: 
ndcg@5 : 0.1332    ndcg@10 : 0.1415    ndcg@20 : 0.1618    ndcg@50 : 0.2034    recall@5 : 0.0827    recall@10 : 0.1318    recall@20 : 0.2038    recall@50 : 0.3368    hit@5 : 0.4318    hit@10 : 0.6043    hit@20 : 0.7752    hit@50 : 0.9227    mrr@5 : 0.2418    mrr@10 : 0.2647    mrr@20 : 0.2765    mrr@50 : 0.2815    precision@5 : 0.113    precision@10 : 0.095    precision@20 : 0.0785    precision@50 : 0.0565    map@5 : 0.0788    map@10 : 0.071    map@20 : 0.0721    map@50 : 0.079    Value Unfairness of sensitive attribute gender : 0.1335    Absolute Unfairness of sensitive attribute gender : 0.1094    Underestimation Unfairness of sensitive attribute gender : 0.0328    Overestimation Unfairness of sensitive attribute gender : 0.1007    NonParity Unfairness of sensitive attribute gender : 0.0111    itemcoverage@5 : 0.0666    itemcoverage@10 : 0.1093    itemcoverage@20 : 0.1789    itemcoverage@50 : 0.3572    shannonentropy@5 : 0.0171    shannonentropy@10 : 0.0118    shannonentropy@20 : 0.0081    shannonentropy@50 : 0.0047
Thu 12 Jun 2025 08:44:19 INFO  epoch 20 training [time: 19.91s, train loss: 2160.5915]
Thu 12 Jun 2025 08:44:47 INFO  epoch 20 evaluating [time: 27.66s, valid_score: 0.127200]
Thu 12 Jun 2025 08:44:47 INFO  valid result: 
ndcg@5 : 0.1272    ndcg@10 : 0.1325    ndcg@20 : 0.1509    ndcg@50 : 0.1963    recall@5 : 0.0736    recall@10 : 0.1207    recall@20 : 0.1915    recall@50 : 0.335    hit@5 : 0.4109    hit@10 : 0.5742    hit@20 : 0.7416    hit@50 : 0.9212    mrr@5 : 0.2403    mrr@10 : 0.2619    mrr@20 : 0.2736    mrr@50 : 0.2796    precision@5 : 0.1061    precision@10 : 0.0877    precision@20 : 0.0716    precision@50 : 0.0547    map@5 : 0.0749    map@10 : 0.0654    map@20 : 0.0656    map@50 : 0.0731    Value Unfairness of sensitive attribute gender : 0.1333    Absolute Unfairness of sensitive attribute gender : 0.109    Underestimation Unfairness of sensitive attribute gender : 0.0349    Overestimation Unfairness of sensitive attribute gender : 0.0984    NonParity Unfairness of sensitive attribute gender : 0.0062    itemcoverage@5 : 0.0661    itemcoverage@10 : 0.1068    itemcoverage@20 : 0.1686    itemcoverage@50 : 0.3539    shannonentropy@5 : 0.0171    shannonentropy@10 : 0.012    shannonentropy@20 : 0.0086    shannonentropy@50 : 0.0047
Thu 12 Jun 2025 08:45:07 INFO  epoch 21 training [time: 19.78s, train loss: 2131.9338]
Thu 12 Jun 2025 08:45:34 INFO  epoch 21 evaluating [time: 27.66s, valid_score: 0.127000]
Thu 12 Jun 2025 08:45:34 INFO  valid result: 
ndcg@5 : 0.127    ndcg@10 : 0.1337    ndcg@20 : 0.1524    ndcg@50 : 0.1968    recall@5 : 0.0772    recall@10 : 0.1227    recall@20 : 0.1912    recall@50 : 0.3343    hit@5 : 0.4194    hit@10 : 0.5841    hit@20 : 0.7483    hit@50 : 0.9194    mrr@5 : 0.2351    mrr@10 : 0.2571    mrr@20 : 0.2685    mrr@50 : 0.2742    precision@5 : 0.1077    precision@10 : 0.0904    precision@20 : 0.0746    precision@50 : 0.0555    map@5 : 0.0742    map@10 : 0.0657    map@20 : 0.0662    map@50 : 0.0736    Value Unfairness of sensitive attribute gender : 0.1315    Absolute Unfairness of sensitive attribute gender : 0.1079    Underestimation Unfairness of sensitive attribute gender : 0.0328    Overestimation Unfairness of sensitive attribute gender : 0.0987    NonParity Unfairness of sensitive attribute gender : 0.008    itemcoverage@5 : 0.0682    itemcoverage@10 : 0.1076    itemcoverage@20 : 0.1735    itemcoverage@50 : 0.3545    shannonentropy@5 : 0.0167    shannonentropy@10 : 0.012    shannonentropy@20 : 0.0084    shannonentropy@50 : 0.0047
Thu 12 Jun 2025 08:45:54 INFO  epoch 22 training [time: 19.86s, train loss: 2123.7631]
Thu 12 Jun 2025 08:46:22 INFO  epoch 22 evaluating [time: 27.58s, valid_score: 0.110700]
Thu 12 Jun 2025 08:46:22 INFO  valid result: 
ndcg@5 : 0.1107    ndcg@10 : 0.1217    ndcg@20 : 0.1432    ndcg@50 : 0.1911    recall@5 : 0.0711    recall@10 : 0.1173    recall@20 : 0.1898    recall@50 : 0.3377    hit@5 : 0.3829    hit@10 : 0.5591    hit@20 : 0.7374    hit@50 : 0.9204    mrr@5 : 0.205    mrr@10 : 0.2288    mrr@20 : 0.2414    mrr@50 : 0.2475    precision@5 : 0.0948    precision@10 : 0.0835    precision@20 : 0.0705    precision@50 : 0.0553    map@5 : 0.0632    map@10 : 0.0584    map@20 : 0.0606    map@50 : 0.069    Value Unfairness of sensitive attribute gender : 0.1322    Absolute Unfairness of sensitive attribute gender : 0.1085    Underestimation Unfairness of sensitive attribute gender : 0.0344    Overestimation Unfairness of sensitive attribute gender : 0.0978    NonParity Unfairness of sensitive attribute gender : 0.0069    itemcoverage@5 : 0.0656    itemcoverage@10 : 0.1074    itemcoverage@20 : 0.1743    itemcoverage@50 : 0.3609    shannonentropy@5 : 0.0172    shannonentropy@10 : 0.0119    shannonentropy@20 : 0.0083    shannonentropy@50 : 0.0046
Thu 12 Jun 2025 08:46:41 INFO  epoch 23 training [time: 19.84s, train loss: 2072.8254]
Thu 12 Jun 2025 08:47:09 INFO  epoch 23 evaluating [time: 27.73s, valid_score: 0.128300]
Thu 12 Jun 2025 08:47:09 INFO  valid result: 
ndcg@5 : 0.1283    ndcg@10 : 0.1346    ndcg@20 : 0.1544    ndcg@50 : 0.1989    recall@5 : 0.0779    recall@10 : 0.1231    recall@20 : 0.1942    recall@50 : 0.3371    hit@5 : 0.4247    hit@10 : 0.5778    hit@20 : 0.7488    hit@50 : 0.9202    mrr@5 : 0.2352    mrr@10 : 0.2554    mrr@20 : 0.2674    mrr@50 : 0.2731    precision@5 : 0.1096    precision@10 : 0.0908    precision@20 : 0.0753    precision@50 : 0.0559    map@5 : 0.0751    map@10 : 0.0671    map@20 : 0.0681    map@50 : 0.0753    Value Unfairness of sensitive attribute gender : 0.133    Absolute Unfairness of sensitive attribute gender : 0.1084    Underestimation Unfairness of sensitive attribute gender : 0.0344    Overestimation Unfairness of sensitive attribute gender : 0.0986    NonParity Unfairness of sensitive attribute gender : 0.0072    itemcoverage@5 : 0.0677    itemcoverage@10 : 0.1052    itemcoverage@20 : 0.1729    itemcoverage@50 : 0.3547    shannonentropy@5 : 0.0167    shannonentropy@10 : 0.0122    shannonentropy@20 : 0.0084    shannonentropy@50 : 0.0047
Thu 12 Jun 2025 08:47:29 INFO  epoch 24 training [time: 19.82s, train loss: 2127.7519]
Thu 12 Jun 2025 08:47:57 INFO  epoch 24 evaluating [time: 27.59s, valid_score: 0.119900]
Thu 12 Jun 2025 08:47:57 INFO  valid result: 
ndcg@5 : 0.1199    ndcg@10 : 0.129    ndcg@20 : 0.1488    ndcg@50 : 0.1943    recall@5 : 0.073    recall@10 : 0.1201    recall@20 : 0.1898    recall@50 : 0.336    hit@5 : 0.4036    hit@10 : 0.5689    hit@20 : 0.7379    hit@50 : 0.9137    mrr@5 : 0.224    mrr@10 : 0.246    mrr@20 : 0.2578    mrr@50 : 0.2637    precision@5 : 0.1021    precision@10 : 0.0877    precision@20 : 0.0731    precision@50 : 0.0548    map@5 : 0.0693    map@10 : 0.0633    map@20 : 0.0645    map@50 : 0.0721    Value Unfairness of sensitive attribute gender : 0.131    Absolute Unfairness of sensitive attribute gender : 0.1081    Underestimation Unfairness of sensitive attribute gender : 0.0329    Overestimation Unfairness of sensitive attribute gender : 0.0981    NonParity Unfairness of sensitive attribute gender : 0.0102    itemcoverage@5 : 0.0672    itemcoverage@10 : 0.1055    itemcoverage@20 : 0.174    itemcoverage@50 : 0.3507    shannonentropy@5 : 0.0168    shannonentropy@10 : 0.0121    shannonentropy@20 : 0.0083    shannonentropy@50 : 0.0048
Thu 12 Jun 2025 08:48:17 INFO  epoch 25 training [time: 20.16s, train loss: 2172.0417]
Thu 12 Jun 2025 08:48:44 INFO  epoch 25 evaluating [time: 27.60s, valid_score: 0.115100]
Thu 12 Jun 2025 08:48:44 INFO  valid result: 
ndcg@5 : 0.1151    ndcg@10 : 0.1298    ndcg@20 : 0.1519    ndcg@50 : 0.1953    recall@5 : 0.0746    recall@10 : 0.1256    recall@20 : 0.1975    recall@50 : 0.336    hit@5 : 0.3911    hit@10 : 0.5861    hit@20 : 0.7581    hit@50 : 0.9214    mrr@5 : 0.2125    mrr@10 : 0.2384    mrr@20 : 0.2504    mrr@50 : 0.2559    precision@5 : 0.0983    precision@10 : 0.0903    precision@20 : 0.0764    precision@50 : 0.0557    map@5 : 0.0665    map@10 : 0.063    map@20 : 0.0654    map@50 : 0.0729    Value Unfairness of sensitive attribute gender : 0.1311    Absolute Unfairness of sensitive attribute gender : 0.1072    Underestimation Unfairness of sensitive attribute gender : 0.0347    Overestimation Unfairness of sensitive attribute gender : 0.0963    NonParity Unfairness of sensitive attribute gender : 0.0063    itemcoverage@5 : 0.0634    itemcoverage@10 : 0.1044    itemcoverage@20 : 0.171    itemcoverage@50 : 0.3475    shannonentropy@5 : 0.0178    shannonentropy@10 : 0.0123    shannonentropy@20 : 0.0085    shannonentropy@50 : 0.0048
Thu 12 Jun 2025 08:49:05 INFO  epoch 26 training [time: 20.16s, train loss: 2259.9470]
Thu 12 Jun 2025 08:49:32 INFO  epoch 26 evaluating [time: 27.60s, valid_score: 0.135000]
Thu 12 Jun 2025 08:49:32 INFO  valid result: 
ndcg@5 : 0.135    ndcg@10 : 0.1431    ndcg@20 : 0.161    ndcg@50 : 0.2039    recall@5 : 0.0828    recall@10 : 0.1319    recall@20 : 0.1997    recall@50 : 0.3369    hit@5 : 0.4406    hit@10 : 0.6103    hit@20 : 0.7661    hit@50 : 0.9212    mrr@5 : 0.2491    mrr@10 : 0.272    mrr@20 : 0.283    mrr@50 : 0.2881    precision@5 : 0.1142    precision@10 : 0.0959    precision@20 : 0.0769    precision@50 : 0.056    map@5 : 0.0795    map@10 : 0.0716    map@20 : 0.072    map@50 : 0.0793    Value Unfairness of sensitive attribute gender : 0.1318    Absolute Unfairness of sensitive attribute gender : 0.1067    Underestimation Unfairness of sensitive attribute gender : 0.0348    Overestimation Unfairness of sensitive attribute gender : 0.097    NonParity Unfairness of sensitive attribute gender : 0.0059    itemcoverage@5 : 0.0656    itemcoverage@10 : 0.1022    itemcoverage@20 : 0.167    itemcoverage@50 : 0.3499    shannonentropy@5 : 0.0173    shannonentropy@10 : 0.0126    shannonentropy@20 : 0.0087    shannonentropy@50 : 0.0048
Thu 12 Jun 2025 08:49:52 INFO  epoch 27 training [time: 19.95s, train loss: 2168.0249]
Thu 12 Jun 2025 08:50:20 INFO  epoch 27 evaluating [time: 27.56s, valid_score: 0.155000]
Thu 12 Jun 2025 08:50:20 INFO  valid result: 
ndcg@5 : 0.155    ndcg@10 : 0.1563    ndcg@20 : 0.17    ndcg@50 : 0.2129    recall@5 : 0.089    recall@10 : 0.1356    recall@20 : 0.2012    recall@50 : 0.3411    hit@5 : 0.4831    hit@10 : 0.627    hit@20 : 0.7725    hit@50 : 0.9255    mrr@5 : 0.2901    mrr@10 : 0.3095    mrr@20 : 0.3196    mrr@50 : 0.3247    precision@5 : 0.1282    precision@10 : 0.1009    precision@20 : 0.0769    precision@50 : 0.056    map@5 : 0.0932    map@10 : 0.0805    map@20 : 0.0787    map@50 : 0.0855    Value Unfairness of sensitive attribute gender : 0.1346    Absolute Unfairness of sensitive attribute gender : 0.1102    Underestimation Unfairness of sensitive attribute gender : 0.0351    Overestimation Unfairness of sensitive attribute gender : 0.0995    NonParity Unfairness of sensitive attribute gender : 0.0059    itemcoverage@5 : 0.065    itemcoverage@10 : 0.1047    itemcoverage@20 : 0.1772    itemcoverage@50 : 0.3534    shannonentropy@5 : 0.0175    shannonentropy@10 : 0.0123    shannonentropy@20 : 0.0082    shannonentropy@50 : 0.0047
Thu 12 Jun 2025 08:50:20 INFO  Saving current: saved/FOCF-Jun-12-2025_08-28-10.pth
Thu 12 Jun 2025 08:50:40 INFO  epoch 28 training [time: 20.03s, train loss: 2171.4916]
Thu 12 Jun 2025 08:51:07 INFO  epoch 28 evaluating [time: 27.63s, valid_score: 0.119200]
Thu 12 Jun 2025 08:51:07 INFO  valid result: 
ndcg@5 : 0.1192    ndcg@10 : 0.1312    ndcg@20 : 0.1514    ndcg@50 : 0.1971    recall@5 : 0.0798    recall@10 : 0.1279    recall@20 : 0.1971    recall@50 : 0.339    hit@5 : 0.4156    hit@10 : 0.5901    hit@20 : 0.756    hit@50 : 0.921    mrr@5 : 0.2127    mrr@10 : 0.2362    mrr@20 : 0.2479    mrr@50 : 0.2534    precision@5 : 0.1045    precision@10 : 0.0903    precision@20 : 0.0735    precision@50 : 0.0554    map@5 : 0.068    map@10 : 0.0641    map@20 : 0.0661    map@50 : 0.0742    Value Unfairness of sensitive attribute gender : 0.1323    Absolute Unfairness of sensitive attribute gender : 0.1083    Underestimation Unfairness of sensitive attribute gender : 0.0334    Overestimation Unfairness of sensitive attribute gender : 0.0989    NonParity Unfairness of sensitive attribute gender : 0.0057    itemcoverage@5 : 0.0677    itemcoverage@10 : 0.1022    itemcoverage@20 : 0.1708    itemcoverage@50 : 0.3445    shannonentropy@5 : 0.0166    shannonentropy@10 : 0.0125    shannonentropy@20 : 0.0085    shannonentropy@50 : 0.0049
Thu 12 Jun 2025 08:51:27 INFO  epoch 29 training [time: 19.68s, train loss: 2145.0489]
Thu 12 Jun 2025 08:51:55 INFO  epoch 29 evaluating [time: 27.67s, valid_score: 0.142300]
Thu 12 Jun 2025 08:51:55 INFO  valid result: 
ndcg@5 : 0.1423    ndcg@10 : 0.1483    ndcg@20 : 0.1663    ndcg@50 : 0.2092    recall@5 : 0.0882    recall@10 : 0.1358    recall@20 : 0.2046    recall@50 : 0.3416    hit@5 : 0.4586    hit@10 : 0.6233    hit@20 : 0.7757    hit@50 : 0.9285    mrr@5 : 0.2609    mrr@10 : 0.2829    mrr@20 : 0.2935    mrr@50 : 0.2985    precision@5 : 0.12    precision@10 : 0.098    precision@20 : 0.0783    precision@50 : 0.0568    map@5 : 0.0842    map@10 : 0.0749    map@20 : 0.0754    map@50 : 0.0826    Value Unfairness of sensitive attribute gender : 0.133    Absolute Unfairness of sensitive attribute gender : 0.1091    Underestimation Unfairness of sensitive attribute gender : 0.0342    Overestimation Unfairness of sensitive attribute gender : 0.0987    NonParity Unfairness of sensitive attribute gender : 0.0084    itemcoverage@5 : 0.0653    itemcoverage@10 : 0.1033    itemcoverage@20 : 0.1683    itemcoverage@50 : 0.3442    shannonentropy@5 : 0.0174    shannonentropy@10 : 0.0125    shannonentropy@20 : 0.0086    shannonentropy@50 : 0.0049
Thu 12 Jun 2025 08:52:15 INFO  epoch 30 training [time: 20.14s, train loss: 2177.9980]
Thu 12 Jun 2025 08:52:42 INFO  epoch 30 evaluating [time: 27.69s, valid_score: 0.145900]
Thu 12 Jun 2025 08:52:42 INFO  valid result: 
ndcg@5 : 0.1459    ndcg@10 : 0.1503    ndcg@20 : 0.1656    ndcg@50 : 0.2071    recall@5 : 0.0857    recall@10 : 0.1323    recall@20 : 0.2008    recall@50 : 0.3404    hit@5 : 0.4685    hit@10 : 0.6263    hit@20 : 0.7646    hit@50 : 0.9257    mrr@5 : 0.2645    mrr@10 : 0.2855    mrr@20 : 0.2953    mrr@50 : 0.3006    precision@5 : 0.1256    precision@10 : 0.1023    precision@20 : 0.0789    precision@50 : 0.0555    map@5 : 0.0862    map@10 : 0.0755    map@20 : 0.0745    map@50 : 0.081    Value Unfairness of sensitive attribute gender : 0.1309    Absolute Unfairness of sensitive attribute gender : 0.1074    Underestimation Unfairness of sensitive attribute gender : 0.0322    Overestimation Unfairness of sensitive attribute gender : 0.0987    NonParity Unfairness of sensitive attribute gender : 0.0094    itemcoverage@5 : 0.0682    itemcoverage@10 : 0.1071    itemcoverage@20 : 0.1718    itemcoverage@50 : 0.3472    shannonentropy@5 : 0.0166    shannonentropy@10 : 0.012    shannonentropy@20 : 0.0084    shannonentropy@50 : 0.0048
Thu 12 Jun 2025 08:53:01 INFO  epoch 31 training [time: 18.77s, train loss: 2096.9841]
Thu 12 Jun 2025 08:53:29 INFO  epoch 31 evaluating [time: 27.57s, valid_score: 0.137600]
Thu 12 Jun 2025 08:53:29 INFO  valid result: 
ndcg@5 : 0.1376    ndcg@10 : 0.1453    ndcg@20 : 0.165    ndcg@50 : 0.2079    recall@5 : 0.0848    recall@10 : 0.1357    recall@20 : 0.2059    recall@50 : 0.3407    hit@5 : 0.454    hit@10 : 0.6205    hit@20 : 0.7717    hit@50 : 0.9225    mrr@5 : 0.251    mrr@10 : 0.2732    mrr@20 : 0.2838    mrr@50 : 0.2889    precision@5 : 0.1175    precision@10 : 0.0971    precision@20 : 0.0792    precision@50 : 0.0576    map@5 : 0.0806    map@10 : 0.0724    map@20 : 0.0737    map@50 : 0.0812    Value Unfairness of sensitive attribute gender : 0.1322    Absolute Unfairness of sensitive attribute gender : 0.1081    Underestimation Unfairness of sensitive attribute gender : 0.0325    Overestimation Unfairness of sensitive attribute gender : 0.0997    NonParity Unfairness of sensitive attribute gender : 0.0121    itemcoverage@5 : 0.0664    itemcoverage@10 : 0.1014    itemcoverage@20 : 0.1732    itemcoverage@50 : 0.341    shannonentropy@5 : 0.0171    shannonentropy@10 : 0.0127    shannonentropy@20 : 0.0084    shannonentropy@50 : 0.0049
Thu 12 Jun 2025 08:53:49 INFO  epoch 32 training [time: 19.80s, train loss: 2137.8313]
Thu 12 Jun 2025 08:54:16 INFO  epoch 32 evaluating [time: 27.64s, valid_score: 0.108900]
Thu 12 Jun 2025 08:54:16 INFO  valid result: 
ndcg@5 : 0.1089    ndcg@10 : 0.1229    ndcg@20 : 0.1466    ndcg@50 : 0.1923    recall@5 : 0.0721    recall@10 : 0.1215    recall@20 : 0.1965    recall@50 : 0.3376    hit@5 : 0.3881    hit@10 : 0.5732    hit@20 : 0.7558    hit@50 : 0.9217    mrr@5 : 0.2002    mrr@10 : 0.2249    mrr@20 : 0.2377    mrr@50 : 0.2431    precision@5 : 0.0947    precision@10 : 0.0859    precision@20 : 0.0737    precision@50 : 0.0559    map@5 : 0.0612    map@10 : 0.0583    map@20 : 0.0614    map@50 : 0.0695    Value Unfairness of sensitive attribute gender : 0.132    Absolute Unfairness of sensitive attribute gender : 0.1083    Underestimation Unfairness of sensitive attribute gender : 0.0325    Overestimation Unfairness of sensitive attribute gender : 0.0995    NonParity Unfairness of sensitive attribute gender : 0.0092    itemcoverage@5 : 0.0639    itemcoverage@10 : 0.1028    itemcoverage@20 : 0.1691    itemcoverage@50 : 0.348    shannonentropy@5 : 0.0177    shannonentropy@10 : 0.0125    shannonentropy@20 : 0.0086    shannonentropy@50 : 0.0048
Thu 12 Jun 2025 08:54:36 INFO  epoch 33 training [time: 19.95s, train loss: 2089.9087]
Thu 12 Jun 2025 08:55:04 INFO  epoch 33 evaluating [time: 27.66s, valid_score: 0.119400]
Thu 12 Jun 2025 08:55:04 INFO  valid result: 
ndcg@5 : 0.1194    ndcg@10 : 0.1282    ndcg@20 : 0.1477    ndcg@50 : 0.1952    recall@5 : 0.0762    recall@10 : 0.1221    recall@20 : 0.1931    recall@50 : 0.3394    hit@5 : 0.4142    hit@10 : 0.5776    hit@20 : 0.7427    hit@50 : 0.924    mrr@5 : 0.2131    mrr@10 : 0.235    mrr@20 : 0.2466    mrr@50 : 0.2526    precision@5 : 0.1057    precision@10 : 0.0885    precision@20 : 0.0717    precision@50 : 0.0559    map@5 : 0.068    map@10 : 0.0621    map@20 : 0.0635    map@50 : 0.0717    Value Unfairness of sensitive attribute gender : 0.134    Absolute Unfairness of sensitive attribute gender : 0.1103    Underestimation Unfairness of sensitive attribute gender : 0.0335    Overestimation Unfairness of sensitive attribute gender : 0.1005    NonParity Unfairness of sensitive attribute gender : 0.0102    itemcoverage@5 : 0.0664    itemcoverage@10 : 0.1039    itemcoverage@20 : 0.1691    itemcoverage@50 : 0.3453    shannonentropy@5 : 0.017    shannonentropy@10 : 0.0124    shannonentropy@20 : 0.0086    shannonentropy@50 : 0.0048
Thu 12 Jun 2025 08:55:24 INFO  epoch 34 training [time: 19.94s, train loss: 2095.6354]
Thu 12 Jun 2025 08:55:52 INFO  epoch 34 evaluating [time: 27.74s, valid_score: 0.130700]
Thu 12 Jun 2025 08:55:52 INFO  valid result: 
ndcg@5 : 0.1307    ndcg@10 : 0.1423    ndcg@20 : 0.1638    ndcg@50 : 0.2083    recall@5 : 0.0844    recall@10 : 0.1369    recall@20 : 0.2086    recall@50 : 0.3474    hit@5 : 0.4349    hit@10 : 0.6182    hit@20 : 0.7788    hit@50 : 0.9301    mrr@5 : 0.2445    mrr@10 : 0.2689    mrr@20 : 0.2802    mrr@50 : 0.2853    precision@5 : 0.1091    precision@10 : 0.0949    precision@20 : 0.0794    precision@50 : 0.0583    map@5 : 0.0759    map@10 : 0.0703    map@20 : 0.0722    map@50 : 0.0801    Value Unfairness of sensitive attribute gender : 0.1325    Absolute Unfairness of sensitive attribute gender : 0.1079    Underestimation Unfairness of sensitive attribute gender : 0.0334    Overestimation Unfairness of sensitive attribute gender : 0.0991    NonParity Unfairness of sensitive attribute gender : 0.0096    itemcoverage@5 : 0.0639    itemcoverage@10 : 0.102    itemcoverage@20 : 0.1691    itemcoverage@50 : 0.3461    shannonentropy@5 : 0.0177    shannonentropy@10 : 0.0126    shannonentropy@20 : 0.0086    shannonentropy@50 : 0.0048
Thu 12 Jun 2025 08:56:11 INFO  epoch 35 training [time: 19.04s, train loss: 2131.1283]
Thu 12 Jun 2025 08:56:38 INFO  epoch 35 evaluating [time: 27.71s, valid_score: 0.119300]
Thu 12 Jun 2025 08:56:38 INFO  valid result: 
ndcg@5 : 0.1193    ndcg@10 : 0.1335    ndcg@20 : 0.1569    ndcg@50 : 0.2036    recall@5 : 0.0783    recall@10 : 0.1312    recall@20 : 0.2078    recall@50 : 0.3524    hit@5 : 0.4089    hit@10 : 0.6012    hit@20 : 0.776    hit@50 : 0.9318    mrr@5 : 0.2181    mrr@10 : 0.2438    mrr@20 : 0.2562    mrr@50 : 0.2614    precision@5 : 0.1026    precision@10 : 0.0924    precision@20 : 0.078    precision@50 : 0.058    map@5 : 0.0685    map@10 : 0.0646    map@20 : 0.0674    map@50 : 0.076    Value Unfairness of sensitive attribute gender : 0.1311    Absolute Unfairness of sensitive attribute gender : 0.1086    Underestimation Unfairness of sensitive attribute gender : 0.0322    Overestimation Unfairness of sensitive attribute gender : 0.0989    NonParity Unfairness of sensitive attribute gender : 0.0103    itemcoverage@5 : 0.0672    itemcoverage@10 : 0.1055    itemcoverage@20 : 0.1751    itemcoverage@50 : 0.3501    shannonentropy@5 : 0.0169    shannonentropy@10 : 0.0122    shannonentropy@20 : 0.0083    shannonentropy@50 : 0.0048
Thu 12 Jun 2025 08:56:58 INFO  epoch 36 training [time: 20.18s, train loss: 2134.3097]
Thu 12 Jun 2025 08:57:26 INFO  epoch 36 evaluating [time: 27.74s, valid_score: 0.130800]
Thu 12 Jun 2025 08:57:26 INFO  valid result: 
ndcg@5 : 0.1308    ndcg@10 : 0.139    ndcg@20 : 0.1582    ndcg@50 : 0.2037    recall@5 : 0.0815    recall@10 : 0.128    recall@20 : 0.1974    recall@50 : 0.3436    hit@5 : 0.4295    hit@10 : 0.6008    hit@20 : 0.7629    hit@50 : 0.9281    mrr@5 : 0.2422    mrr@10 : 0.2651    mrr@20 : 0.2766    mrr@50 : 0.2821    precision@5 : 0.11    precision@10 : 0.0937    precision@20 : 0.077    precision@50 : 0.0567    map@5 : 0.0767    map@10 : 0.0691    map@20 : 0.07    map@50 : 0.0777    Value Unfairness of sensitive attribute gender : 0.1339    Absolute Unfairness of sensitive attribute gender : 0.1098    Underestimation Unfairness of sensitive attribute gender : 0.0362    Overestimation Unfairness of sensitive attribute gender : 0.0977    NonParity Unfairness of sensitive attribute gender : 0.0094    itemcoverage@5 : 0.0639    itemcoverage@10 : 0.1028    itemcoverage@20 : 0.1659    itemcoverage@50 : 0.3418    shannonentropy@5 : 0.0177    shannonentropy@10 : 0.0125    shannonentropy@20 : 0.0087    shannonentropy@50 : 0.0049
Thu 12 Jun 2025 08:57:46 INFO  epoch 37 training [time: 19.74s, train loss: 2113.9815]
Thu 12 Jun 2025 08:58:14 INFO  epoch 37 evaluating [time: 27.70s, valid_score: 0.131000]
Thu 12 Jun 2025 08:58:14 INFO  valid result: 
ndcg@5 : 0.131    ndcg@10 : 0.1386    ndcg@20 : 0.1584    ndcg@50 : 0.2053    recall@5 : 0.0829    recall@10 : 0.1285    recall@20 : 0.1995    recall@50 : 0.3461    hit@5 : 0.4338    hit@10 : 0.6017    hit@20 : 0.77    hit@50 : 0.9288    mrr@5 : 0.2408    mrr@10 : 0.2633    mrr@20 : 0.2751    mrr@50 : 0.2804    precision@5 : 0.1103    precision@10 : 0.0919    precision@20 : 0.0748    precision@50 : 0.0564    map@5 : 0.077    map@10 : 0.0696    map@20 : 0.0708    map@50 : 0.0792    Value Unfairness of sensitive attribute gender : 0.1322    Absolute Unfairness of sensitive attribute gender : 0.1083    Underestimation Unfairness of sensitive attribute gender : 0.0328    Overestimation Unfairness of sensitive attribute gender : 0.0993    NonParity Unfairness of sensitive attribute gender : 0.0085    itemcoverage@5 : 0.0693    itemcoverage@10 : 0.1063    itemcoverage@20 : 0.1681    itemcoverage@50 : 0.3431    shannonentropy@5 : 0.0165    shannonentropy@10 : 0.0122    shannonentropy@20 : 0.0086    shannonentropy@50 : 0.0049
Thu 12 Jun 2025 08:58:33 INFO  epoch 38 training [time: 19.40s, train loss: 2041.3752]
Thu 12 Jun 2025 08:59:01 INFO  epoch 38 evaluating [time: 27.74s, valid_score: 0.120300]
Thu 12 Jun 2025 08:59:01 INFO  valid result: 
ndcg@5 : 0.1203    ndcg@10 : 0.1341    ndcg@20 : 0.1548    ndcg@50 : 0.2007    recall@5 : 0.0785    recall@10 : 0.1288    recall@20 : 0.1975    recall@50 : 0.3427    hit@5 : 0.4101    hit@10 : 0.5997    hit@20 : 0.7604    hit@50 : 0.9283    mrr@5 : 0.2232    mrr@10 : 0.2487    mrr@20 : 0.2599    mrr@50 : 0.2655    precision@5 : 0.1013    precision@10 : 0.0912    precision@20 : 0.0756    precision@50 : 0.056    map@5 : 0.0697    map@10 : 0.0661    map@20 : 0.0683    map@50 : 0.0764    Value Unfairness of sensitive attribute gender : 0.132    Absolute Unfairness of sensitive attribute gender : 0.1086    Underestimation Unfairness of sensitive attribute gender : 0.0332    Overestimation Unfairness of sensitive attribute gender : 0.0988    NonParity Unfairness of sensitive attribute gender : 0.0078    itemcoverage@5 : 0.0715    itemcoverage@10 : 0.1101    itemcoverage@20 : 0.1745    itemcoverage@50 : 0.3501    shannonentropy@5 : 0.0159    shannonentropy@10 : 0.0117    shannonentropy@20 : 0.0083    shannonentropy@50 : 0.0048
Thu 12 Jun 2025 08:59:01 INFO  Finished training, best eval result in epoch 27
Thu 12 Jun 2025 08:59:01 INFO  Loading model structure and parameters from saved/FOCF-Jun-12-2025_08-28-10.pth
Thu 12 Jun 2025 08:59:29 INFO  best valid : OrderedDict([('ndcg@5', 0.155), ('ndcg@10', 0.1563), ('ndcg@20', 0.17), ('ndcg@50', 0.2129), ('recall@5', 0.089), ('recall@10', 0.1356), ('recall@20', 0.2012), ('recall@50', 0.3411), ('hit@5', 0.4831), ('hit@10', 0.627), ('hit@20', 0.7725), ('hit@50', 0.9255), ('mrr@5', 0.2901), ('mrr@10', 0.3095), ('mrr@20', 0.3196), ('mrr@50', 0.3247), ('precision@5', 0.1282), ('precision@10', 0.1009), ('precision@20', 0.0769), ('precision@50', 0.056), ('map@5', 0.0932), ('map@10', 0.0805), ('map@20', 0.0787), ('map@50', 0.0855), ('Value Unfairness of sensitive attribute gender', 0.1346), ('Absolute Unfairness of sensitive attribute gender', 0.1102), ('Underestimation Unfairness of sensitive attribute gender', 0.0351), ('Overestimation Unfairness of sensitive attribute gender', 0.0995), ('NonParity Unfairness of sensitive attribute gender', 0.0059), ('itemcoverage@5', 0.065), ('itemcoverage@10', 0.1047), ('itemcoverage@20', 0.1772), ('itemcoverage@50', 0.3534), ('shannonentropy@5', 0.0175), ('shannonentropy@10', 0.0123), ('shannonentropy@20', 0.0082), ('shannonentropy@50', 0.0047)])
Thu 12 Jun 2025 08:59:29 INFO  test result: OrderedDict([('ndcg@5', 0.1632), ('ndcg@10', 0.1601), ('ndcg@20', 0.1727), ('ndcg@50', 0.2145), ('recall@5', 0.0867), ('recall@10', 0.1328), ('recall@20', 0.2011), ('recall@50', 0.3421), ('hit@5', 0.4882), ('hit@10', 0.623), ('hit@20', 0.7671), ('hit@50', 0.9233), ('mrr@5', 0.3013), ('mrr@10', 0.3193), ('mrr@20', 0.3292), ('mrr@50', 0.3344), ('precision@5', 0.1361), ('precision@10', 0.1045), ('precision@20', 0.08), ('precision@50', 0.0577), ('map@5', 0.1), ('map@10', 0.083), ('map@20', 0.0793), ('map@50', 0.0855), ('Value Unfairness of sensitive attribute gender', 0.1319), ('Absolute Unfairness of sensitive attribute gender', 0.1081), ('Underestimation Unfairness of sensitive attribute gender', 0.0349), ('Overestimation Unfairness of sensitive attribute gender', 0.0971), ('NonParity Unfairness of sensitive attribute gender', 0.0052), ('itemcoverage@5', 0.068), ('itemcoverage@10', 0.1057), ('itemcoverage@20', 0.174), ('itemcoverage@50', 0.3528), ('shannonentropy@5', 0.0169), ('shannonentropy@10', 0.0122), ('shannonentropy@20', 0.0083), ('shannonentropy@50', 0.0048)])
